<?xml version="1.0" encoding="UTF-8"?>
<!-- Generated by org.testng.reporters.JUnitReportReporter -->
<testsuite hostname="DESKTOP-JLC1DPH" failures="0" tests="2" name="testCases.TC001_AccountRegistrationTest" time="6.047" errors="0" timestamp="2026-06-28T18:48:28 IST" skipped="0">
  <testcase classname="testCases.TC001_AccountRegistrationTest" name="verify_account_registration" time="3.413"/>
  <testcase classname="testCases.TC001_AccountRegistrationTest" name="verify_account_registration" time="2.634"/>
</testsuite> <!-- testCases.TC001_AccountRegistrationTest -->
